2026-03-06 20:23:18,643 - __main__ - DEBUG - System is running
2026-03-06 20:23:18,646 - __main__ - INFO - System is running
2026-03-06 20:23:18,647 - __main__ - WARNING - System is running with warnings
2026-03-06 20:23:18,648 - __main__ - ERROR - System is running with errors
2026-03-06 20:23:18,648 - __main__ - CRITICAL - System is running with critical errors
2026-03-06 20:23:19,651 - __main__ - DEBUG - System is running
2026-03-06 20:23:19,652 - __main__ - INFO - System is running
2026-03-06 20:23:19,653 - __main__ - WARNING - System is running with warnings
2026-03-06 20:23:19,654 - __main__ - ERROR - System is running with errors
2026-03-06 20:23:19,657 - __main__ - CRITICAL - System is running with critical errors
2026-03-06 20:23:20,658 - __main__ - DEBUG - System is running
2026-03-06 20:23:20,660 - __main__ - INFO - System is running
2026-03-06 20:23:20,660 - __main__ - WARNING - System is running with warnings
2026-03-06 20:23:20,661 - __main__ - ERROR - System is running with errors
2026-03-06 20:23:20,662 - __main__ - CRITICAL - System is running with critical errors
2026-03-06 20:23:21,664 - __main__ - DEBUG - System is running
2026-03-06 20:23:21,666 - __main__ - INFO - System is running
2026-03-06 20:23:21,667 - __main__ - WARNING - System is running with warnings
2026-03-06 20:23:21,668 - __main__ - ERROR - System is running with errors
2026-03-06 20:23:21,669 - __main__ - CRITICAL - System is running with critical errors
2026-03-06 20:23:22,671 - __main__ - DEBUG - System is running
2026-03-06 20:23:22,673 - __main__ - INFO - System is running
2026-03-06 20:23:22,674 - __main__ - WARNING - System is running with warnings
2026-03-06 20:23:22,675 - __main__ - ERROR - System is running with errors
2026-03-06 20:23:22,676 - __main__ - CRITICAL - System is running with critical errors
2026-03-06 20:23:23,678 - __main__ - DEBUG - System is running
2026-03-06 20:23:23,679 - __main__ - INFO - System is running
2026-03-06 20:23:23,680 - __main__ - WARNING - System is running with warnings
2026-03-06 20:23:23,681 - __main__ - ERROR - System is running with errors
2026-03-06 20:23:23,682 - __main__ - CRITICAL - System is running with critical errors
2026-03-06 20:23:24,684 - __main__ - DEBUG - System is running
2026-03-06 20:23:24,686 - __main__ - INFO - System is running
2026-03-06 20:23:24,687 - __main__ - WARNING - System is running with warnings
2026-03-06 20:23:24,688 - __main__ - ERROR - System is running with errors
2026-03-06 20:23:24,689 - __main__ - CRITICAL - System is running with critical errors
2026-03-06 20:23:25,691 - __main__ - DEBUG - System is running
2026-03-06 20:23:25,692 - __main__ - INFO - System is running
2026-03-06 20:23:25,693 - __main__ - WARNING - System is running with warnings
2026-03-06 20:23:25,695 - __main__ - ERROR - System is running with errors
2026-03-06 20:23:25,696 - __main__ - CRITICAL - System is running with critical errors
2026-03-06 20:23:26,699 - __main__ - DEBUG - System is running
2026-03-06 20:23:26,701 - __main__ - INFO - System is running
2026-03-06 20:23:26,702 - __main__ - WARNING - System is running with warnings
2026-03-06 20:23:26,703 - __main__ - ERROR - System is running with errors
2026-03-06 20:23:26,704 - __main__ - CRITICAL - System is running with critical errors
2026-03-06 20:23:27,706 - __main__ - DEBUG - System is running
2026-03-06 20:23:27,708 - __main__ - INFO - System is running
2026-03-06 20:23:27,709 - __main__ - WARNING - System is running with warnings
2026-03-06 20:23:27,710 - __main__ - ERROR - System is running with errors
2026-03-06 20:23:27,710 - __main__ - CRITICAL - System is running with critical errors
2026-03-06 20:23:28,712 - __main__ - DEBUG - System is running
2026-03-06 20:23:28,715 - __main__ - INFO - System is running
2026-03-06 20:23:28,715 - __main__ - WARNING - System is running with warnings
2026-03-06 20:23:28,716 - __main__ - ERROR - System is running with errors
2026-03-06 20:23:28,717 - __main__ - CRITICAL - System is running with critical errors
2026-03-06 20:23:29,719 - __main__ - DEBUG - System is running
2026-03-06 20:23:29,721 - __main__ - INFO - System is running
2026-03-06 20:23:29,722 - __main__ - WARNING - System is running with warnings
2026-03-06 20:23:29,723 - __main__ - ERROR - System is running with errors
2026-03-06 20:23:29,724 - __main__ - CRITICAL - System is running with critical errors
2026-03-06 20:23:30,725 - __main__ - DEBUG - System is running
2026-03-06 20:23:30,727 - __main__ - INFO - System is running
2026-03-06 20:23:30,728 - __main__ - WARNING - System is running with warnings
2026-03-06 20:23:30,729 - __main__ - ERROR - System is running with errors
2026-03-06 20:23:30,730 - __main__ - CRITICAL - System is running with critical errors
2026-03-06 20:23:31,732 - __main__ - DEBUG - System is running
2026-03-06 20:23:31,734 - __main__ - INFO - System is running
2026-03-06 20:23:31,735 - __main__ - WARNING - System is running with warnings
2026-03-06 20:23:31,736 - __main__ - ERROR - System is running with errors
2026-03-06 20:23:31,737 - __main__ - CRITICAL - System is running with critical errors
2026-03-06 20:23:32,738 - __main__ - DEBUG - System is running
2026-03-06 20:23:32,740 - __main__ - INFO - System is running
2026-03-06 20:23:32,741 - __main__ - WARNING - System is running with warnings
2026-03-06 20:23:32,741 - __main__ - ERROR - System is running with errors
2026-03-06 20:23:32,742 - __main__ - CRITICAL - System is running with critical errors
2026-03-06 20:23:33,745 - __main__ - DEBUG - System is running
2026-03-06 20:23:33,747 - __main__ - INFO - System is running
2026-03-06 20:23:33,747 - __main__ - WARNING - System is running with warnings
2026-03-06 20:23:33,748 - __main__ - ERROR - System is running with errors
2026-03-06 20:23:33,749 - __main__ - CRITICAL - System is running with critical errors
2026-03-06 20:23:34,751 - __main__ - DEBUG - System is running
2026-03-06 20:23:34,753 - __main__ - INFO - System is running
2026-03-06 20:23:34,753 - __main__ - WARNING - System is running with warnings
2026-03-06 20:23:34,754 - __main__ - ERROR - System is running with errors
2026-03-06 20:23:34,755 - __main__ - CRITICAL - System is running with critical errors
2026-03-06 20:23:35,757 - __main__ - DEBUG - System is running
2026-03-06 20:23:35,759 - __main__ - INFO - System is running
2026-03-06 20:23:35,760 - __main__ - WARNING - System is running with warnings
2026-03-06 20:23:35,760 - __main__ - ERROR - System is running with errors
2026-03-06 20:23:35,762 - __main__ - CRITICAL - System is running with critical errors
2026-03-06 20:23:36,764 - __main__ - DEBUG - System is running
2026-03-06 20:23:36,765 - __main__ - INFO - System is running
2026-03-06 20:23:36,766 - __main__ - WARNING - System is running with warnings
2026-03-06 20:23:36,767 - __main__ - ERROR - System is running with errors
2026-03-06 20:23:36,768 - __main__ - CRITICAL - System is running with critical errors
2026-03-06 20:23:37,770 - __main__ - DEBUG - System is running
2026-03-06 20:23:37,771 - __main__ - INFO - System is running
2026-03-06 20:23:37,772 - __main__ - WARNING - System is running with warnings
2026-03-06 20:23:37,772 - __main__ - ERROR - System is running with errors
2026-03-06 20:23:37,773 - __main__ - CRITICAL - System is running with critical errors
2026-03-06 20:23:38,775 - __main__ - DEBUG - System is running
2026-03-06 20:23:38,777 - __main__ - INFO - System is running
2026-03-06 20:23:38,777 - __main__ - WARNING - System is running with warnings
2026-03-06 20:23:38,778 - __main__ - ERROR - System is running with errors
2026-03-06 20:23:38,779 - __main__ - CRITICAL - System is running with critical errors
2026-03-06 20:23:39,781 - __main__ - DEBUG - System is running
2026-03-06 20:23:39,782 - __main__ - INFO - System is running
2026-03-06 20:23:39,783 - __main__ - WARNING - System is running with warnings
2026-03-06 20:23:39,784 - __main__ - ERROR - System is running with errors
2026-03-06 20:23:39,785 - __main__ - CRITICAL - System is running with critical errors
2026-03-06 20:23:40,787 - __main__ - DEBUG - System is running
2026-03-06 20:23:40,790 - __main__ - INFO - System is running
2026-03-06 20:23:40,791 - __main__ - WARNING - System is running with warnings
2026-03-06 20:23:40,792 - __main__ - ERROR - System is running with errors
2026-03-06 20:23:40,793 - __main__ - CRITICAL - System is running with critical errors
2026-03-06 20:23:41,795 - __main__ - DEBUG - System is running
2026-03-06 20:23:41,796 - __main__ - INFO - System is running
2026-03-06 20:23:41,797 - __main__ - WARNING - System is running with warnings
2026-03-06 20:23:41,798 - __main__ - ERROR - System is running with errors
2026-03-06 20:23:41,799 - __main__ - CRITICAL - System is running with critical errors
2026-03-06 20:23:42,797 - __main__ - DEBUG - System is running
2026-03-06 20:23:42,799 - __main__ - INFO - System is running
2026-03-06 20:23:42,800 - __main__ - WARNING - System is running with warnings
2026-03-06 20:23:42,802 - __main__ - ERROR - System is running with errors
2026-03-06 20:23:42,802 - __main__ - CRITICAL - System is running with critical errors
2026-03-06 20:23:43,804 - __main__ - DEBUG - System is running
2026-03-06 20:23:43,806 - __main__ - INFO - System is running
2026-03-06 20:23:43,807 - __main__ - WARNING - System is running with warnings
2026-03-06 20:23:43,808 - __main__ - ERROR - System is running with errors
2026-03-06 20:23:43,809 - __main__ - CRITICAL - System is running with critical errors
2026-03-06 20:23:44,811 - __main__ - DEBUG - System is running
2026-03-06 20:23:44,812 - __main__ - INFO - System is running
2026-03-06 20:23:44,813 - __main__ - WARNING - System is running with warnings
2026-03-06 20:23:44,814 - __main__ - ERROR - System is running with errors
2026-03-06 20:23:44,815 - __main__ - CRITICAL - System is running with critical errors
2026-03-06 20:23:45,817 - __main__ - DEBUG - System is running
2026-03-06 20:23:45,818 - __main__ - INFO - System is running
2026-03-06 20:23:45,819 - __main__ - WARNING - System is running with warnings
2026-03-06 20:23:45,820 - __main__ - ERROR - System is running with errors
2026-03-06 20:23:45,821 - __main__ - CRITICAL - System is running with critical errors
2026-03-06 20:23:46,823 - __main__ - DEBUG - System is running
2026-03-06 20:23:46,825 - __main__ - INFO - System is running
2026-03-06 20:23:46,826 - __main__ - WARNING - System is running with warnings
2026-03-06 20:23:46,827 - __main__ - ERROR - System is running with errors
2026-03-06 20:23:46,827 - __main__ - CRITICAL - System is running with critical errors
